On branch master
Changes to be committed:
  (use "git restore --staged <file>..." to unstage)
	new file:   run.sh
	new file:   src/main/java/com/assignment/android/controller/BookController.java
	new file:   src/main/java/com/assignment/android/controller/CategoryController.java
	new file:   src/main/java/com/assignment/android/model/Book.java
	new file:   src/main/java/com/assignment/android/model/Category.java
	new file:   src/main/java/com/assignment/android/repository/BookRepository.java
	new file:   src/main/java/com/assignment/android/repository/CategoryRepository.java

Changes not staged for commit:
  (use "git add <file>..." to update what will be committed)
  (use "git restore <file>..." to discard changes in working directory)
	modified:   android.sh
	modified:   run.sh
	modified:   src/main/java/com/assignment/android/controller/BookController.java
	modified:   src/main/java/com/assignment/android/controller/CategoryController.java
	modified:   src/main/java/com/assignment/android/model/Book.java
	modified:   src/main/java/com/assignment/android/model/Category.java
	modified:   src/main/java/com/assignment/android/repository/BookRepository.java
	modified:   src/main/java/com/assignment/android/repository/CategoryRepository.java
	modified:   src/main/resources/application.yml

Untracked files:
  (use "git add <file>..." to include in what will be committed)
	service.log

